<?xml version="1.0" encoding="UTF-8"?>
<!-- Generated by org.testng.reporters.JUnitReportReporter -->
<testsuite hostname="iBM-THINK" failures="0" tests="3" name="naveenTestNG.TestNGBasics" time="0.031" errors="0" timestamp="09 Dec 2018 05:58:39 GMT" skipped="0">
  <testcase classname="naveenTestNG.TestNGBasics" name="searchTest" time="0.015"/>
  <testcase classname="naveenTestNG.TestNGBasics" name="googleLogo" time="0.016"/>
  <testcase classname="naveenTestNG.TestNGBasics" name="googleTitle" time="0.000"/>
</testsuite> <!-- naveenTestNG.TestNGBasics -->
