<?xml version="1.0" encoding="UTF-8"?>
<!-- Generated by org.testng.reporters.JUnitReportReporter -->
<testsuite hostname="iBM-THINK" failures="0" tests="10" name="naveenTestNG.InvocationCountTest" time="0.015" errors="0" timestamp="07 Nov 2018 05:36:07 GMT" skipped="0">
  <testcase classname="naveenTestNG.InvocationCountTest" name="sum" time="0.000"/>
  <testcase classname="naveenTestNG.InvocationCountTest" name="sum" time="0.000"/>
  <testcase classname="naveenTestNG.InvocationCountTest" name="sum" time="0.000"/>
  <testcase classname="naveenTestNG.InvocationCountTest" name="sum" time="0.000"/>
  <testcase classname="naveenTestNG.InvocationCountTest" name="sum" time="0.000"/>
  <testcase classname="naveenTestNG.InvocationCountTest" name="sum" time="0.000"/>
  <testcase classname="naveenTestNG.InvocationCountTest" name="sum" time="0.015"/>
  <testcase classname="naveenTestNG.InvocationCountTest" name="sum" time="0.000"/>
  <testcase classname="naveenTestNG.InvocationCountTest" name="sum" time="0.000"/>
  <testcase classname="naveenTestNG.InvocationCountTest" name="sum" time="0.000"/>
</testsuite> <!-- naveenTestNG.InvocationCountTest -->
