<?xml version="1.0" encoding="UTF-8"?>
<!-- Generated by org.testng.reporters.JUnitReportReporter -->
<testsuite hostname="iBM-THINK" failures="0" tests="3" name="datadrivenbymukesh.WordPressLogin" time="39.116" errors="0" timestamp="08 Nov 2018 14:02:17 GMT" skipped="0">
  <testcase classname="datadrivenbymukesh.WordPressLogin" name="loginWordPress" time="12.255"/>
  <testcase classname="datadrivenbymukesh.WordPressLogin" name="loginWordPress" time="12.631"/>
  <testcase classname="datadrivenbymukesh.WordPressLogin" name="loginWordPress" time="14.230"/>
</testsuite> <!-- datadrivenbymukesh.WordPressLogin -->
