<?xml version="1.0" encoding="UTF-8"?>
<!-- Generated by org.testng.reporters.JUnitReportReporter -->
<testsuite hostname="iBM-THINK" failures="0" tests="2" name="naveenTestNG.TestNGFeatures" time="0.016" errors="0" timestamp="07 Nov 2018 05:09:07 GMT" skipped="0">
  <testcase classname="naveenTestNG.TestNGFeatures" name="HomePageTest" time="0.016"/>
  <testcase classname="naveenTestNG.TestNGFeatures" name="loginTest" time="0.000"/>
</testsuite> <!-- naveenTestNG.TestNGFeatures -->
