<?xml version="1.0" encoding="UTF-8"?>
<!-- Generated by org.testng.reporters.JUnitReportReporter -->
<testsuite hostname="iBM-THINK" failures="0" tests="1" name="myTest.Testcases" time="0.029" errors="0" timestamp="07 Nov 2018 10:38:13 GMT" skipped="0">
  <testcase classname="myTest.Testcases" name="test1" time="0.029"/>
</testsuite> <!-- myTest.Testcases -->
