<?xml version="1.0" encoding="UTF-8"?>
<!-- Generated by org.testng.reporters.JUnitReportReporter -->
<testsuite hostname="iBM-THINK" failures="0" tests="2" name="testNGlearning.TestCase1" time="0.015" errors="0" timestamp="06 Nov 2018 14:57:03 GMT" skipped="0">
  <testcase classname="testNGlearning.TestCase1" name="doUserReg" time="0.000"/>
  <testcase classname="testNGlearning.TestCase1" name="doLogin" time="0.015"/>
</testsuite> <!-- testNGlearning.TestCase1 -->
