<?xml version="1.0" encoding="UTF-8"?>
<!-- Generated by org.testng.reporters.JUnitReportReporter -->
<testsuite hostname="iBM-THINK" failures="0" tests="4" name="excel.FacebookTest" time="260.757" errors="0" timestamp="08 Nov 2018 10:12:00 GMT" skipped="0">
  <testcase classname="excel.FacebookTest" name="facebook" time="68.403"/>
  <testcase classname="excel.FacebookTest" name="facebook" time="63.082"/>
  <testcase classname="excel.FacebookTest" name="facebook" time="63.183"/>
  <testcase classname="excel.FacebookTest" name="facebook" time="66.089"/>
</testsuite> <!-- excel.FacebookTest -->
