<?xml version="1.0" encoding="UTF-8"?>
<!-- Generated by org.testng.reporters.JUnitReportReporter -->
<testsuite hostname="iBM-THINK" failures="0" tests="1" name="datadrivenbymukesh.WordPressLoginExcel" time="0.000" errors="0" timestamp="08 Nov 2018 14:58:10 GMT" skipped="1">
  <testcase classname="datadrivenbymukesh.WordPressLoginExcel" name="loginWordPress" time="0.000">
    <skipped/>
  </testcase> <!-- loginWordPress -->
</testsuite> <!-- datadrivenbymukesh.WordPressLoginExcel -->
