<?xml version="1.0" encoding="UTF-8"?>
<!-- Generated by org.testng.reporters.JUnitReportReporter -->
<testsuite hostname="iBM-THINK" failures="0" tests="3" name="datadrivenbymukesh.FreeCrmTest" time="59.838" errors="0" timestamp="12 Dec 2018 19:06:43 GMT" skipped="0">
  <testcase classname="datadrivenbymukesh.FreeCrmTest" name="crmSignUp" time="20.134"/>
  <testcase classname="datadrivenbymukesh.FreeCrmTest" name="crmSignUp" time="20.425"/>
  <testcase classname="datadrivenbymukesh.FreeCrmTest" name="crmSignUp" time="19.279"/>
</testsuite> <!-- datadrivenbymukesh.FreeCrmTest -->
