<?xml version="1.0" encoding="UTF-8"?>
<!-- Generated by org.testng.reporters.JUnitReportReporter -->
<testsuite hostname="iBM-THINK" failures="0" tests="6" name="naveenTestNG.GoogleTest" time="67.899" errors="0" timestamp="07 Nov 2018 05:03:45 GMT" skipped="0">
  <testcase classname="naveenTestNG.GoogleTest" name="googleTitleTest" time="13.385"/>
  <testcase classname="naveenTestNG.GoogleTest" name="mailLink" time="9.519"/>
  <testcase classname="naveenTestNG.GoogleTest" name="googleLogotest" time="14.944"/>
  <testcase classname="naveenTestNG.GoogleTest" name="test1" time="11.697"/>
  <testcase classname="naveenTestNG.GoogleTest" name="test2" time="9.849"/>
  <testcase classname="naveenTestNG.GoogleTest" name="test3" time="8.505"/>
</testsuite> <!-- naveenTestNG.GoogleTest -->
